2022-03-19 18:15:40,573 - __main__ - INFO -   + Number of params: 11704897
2022-03-19 18:15:45,234 - __main__ - INFO - Begin training on FashionAI dataset.
2022-03-19 18:15:47,567 - __main__ - INFO - Train Epoch: 1 [0/100000]	Loss: 0.2026 (0.2026) 	Acc: 31.25% (31.25%)
2022-03-19 18:16:47,949 - __main__ - INFO - Train Epoch: 1 [6400/100000]	Loss: 0.2494 (0.1979) 	Acc: 43.75% (51.50%)
2022-03-19 18:17:46,895 - __main__ - INFO - Train Epoch: 1 [12800/100000]	Loss: 0.2182 (0.1972) 	Acc: 50.00% (51.80%)
2022-03-19 18:18:45,997 - __main__ - INFO - Train Epoch: 1 [19200/100000]	Loss: 0.2054 (0.1958) 	Acc: 56.25% (52.41%)
2022-03-19 18:19:45,066 - __main__ - INFO - Train Epoch: 1 [25600/100000]	Loss: 0.1839 (0.1945) 	Acc: 62.50% (53.10%)
2022-03-19 18:20:44,218 - __main__ - INFO - Train Epoch: 1 [32000/100000]	Loss: 0.1309 (0.1927) 	Acc: 87.50% (53.63%)
2022-03-19 18:21:43,503 - __main__ - INFO - Train Epoch: 1 [38400/100000]	Loss: 0.1641 (0.1907) 	Acc: 75.00% (54.28%)
2022-03-19 18:22:42,729 - __main__ - INFO - Train Epoch: 1 [44800/100000]	Loss: 0.2004 (0.1890) 	Acc: 62.50% (54.93%)
2022-03-19 18:23:41,963 - __main__ - INFO - Train Epoch: 1 [51200/100000]	Loss: 0.1676 (0.1877) 	Acc: 50.00% (55.15%)
2022-03-19 18:24:41,009 - __main__ - INFO - Train Epoch: 1 [57600/100000]	Loss: 0.1805 (0.1859) 	Acc: 62.50% (55.72%)
2022-03-19 18:25:40,167 - __main__ - INFO - Train Epoch: 1 [64000/100000]	Loss: 0.1867 (0.1846) 	Acc: 50.00% (56.10%)
2022-03-19 18:26:39,087 - __main__ - INFO - Train Epoch: 1 [70400/100000]	Loss: 0.2035 (0.1834) 	Acc: 43.75% (56.47%)
2022-03-19 18:27:38,092 - __main__ - INFO - Train Epoch: 1 [76800/100000]	Loss: 0.1442 (0.1823) 	Acc: 68.75% (56.87%)
2022-03-19 18:28:37,051 - __main__ - INFO - Train Epoch: 1 [83200/100000]	Loss: 0.1708 (0.1813) 	Acc: 56.25% (57.14%)
2022-03-19 18:29:36,119 - __main__ - INFO - Train Epoch: 1 [89600/100000]	Loss: 0.1520 (0.1802) 	Acc: 62.50% (57.51%)
2022-03-19 18:30:35,154 - __main__ - INFO - Train Epoch: 1 [96000/100000]	Loss: 0.2079 (0.1790) 	Acc: 50.00% (57.83%)
2022-03-19 18:32:08,842 - __main__ - INFO - Train Epoch: 1
2022-03-19 18:32:08,842 - __main__ - INFO - skirt_length mAP: 37.7554
2022-03-19 18:32:08,842 - __main__ - INFO - sleeve_length mAP: 18.9387
2022-03-19 18:32:08,843 - __main__ - INFO - coat_length mAP: 26.5159
2022-03-19 18:32:08,843 - __main__ - INFO - pant_length mAP: 37.1055
2022-03-19 18:32:08,843 - __main__ - INFO - collar_design mAP: 30.7237
2022-03-19 18:32:08,843 - __main__ - INFO - lapel_design mAP: 24.3420
2022-03-19 18:32:08,843 - __main__ - INFO - neckline_design mAP: 15.3652
2022-03-19 18:32:08,843 - __main__ - INFO - neck_design mAP: 22.7646
2022-03-19 18:32:08,843 - __main__ - INFO - MeanAP: 25.7237

2022-03-19 18:32:10,318 - __main__ - INFO - lr:9.850000000000001e-05
2022-03-19 18:32:11,294 - __main__ - INFO - Train Epoch: 2 [0/100000]	Loss: 0.1925 (0.1925) 	Acc: 56.25% (56.25%)
2022-03-19 18:33:10,533 - __main__ - INFO - Train Epoch: 2 [6400/100000]	Loss: 0.1736 (0.1573) 	Acc: 56.25% (65.07%)
2022-03-19 18:34:09,592 - __main__ - INFO - Train Epoch: 2 [12800/100000]	Loss: 0.1426 (0.1580) 	Acc: 75.00% (64.53%)
2022-03-19 18:35:08,630 - __main__ - INFO - Train Epoch: 2 [19200/100000]	Loss: 0.1621 (0.1581) 	Acc: 62.50% (64.43%)
2022-03-19 18:36:07,750 - __main__ - INFO - Train Epoch: 2 [25600/100000]	Loss: 0.1657 (0.1572) 	Acc: 43.75% (64.71%)
2022-03-19 18:37:06,996 - __main__ - INFO - Train Epoch: 2 [32000/100000]	Loss: 0.1885 (0.1561) 	Acc: 68.75% (64.98%)
2022-03-19 18:38:06,152 - __main__ - INFO - Train Epoch: 2 [38400/100000]	Loss: 0.1345 (0.1551) 	Acc: 68.75% (65.12%)
2022-03-19 18:39:05,288 - __main__ - INFO - Train Epoch: 2 [44800/100000]	Loss: 0.1271 (0.1540) 	Acc: 75.00% (65.43%)
2022-03-19 18:40:04,526 - __main__ - INFO - Train Epoch: 2 [51200/100000]	Loss: 0.1324 (0.1532) 	Acc: 68.75% (65.59%)
2022-03-19 18:41:03,749 - __main__ - INFO - Train Epoch: 2 [57600/100000]	Loss: 0.0919 (0.1522) 	Acc: 81.25% (65.78%)
2022-03-19 18:42:02,805 - __main__ - INFO - Train Epoch: 2 [64000/100000]	Loss: 0.1957 (0.1511) 	Acc: 43.75% (65.98%)
2022-03-19 18:43:02,284 - __main__ - INFO - Train Epoch: 2 [70400/100000]	Loss: 0.2058 (0.1503) 	Acc: 43.75% (66.23%)
2022-03-19 18:44:01,461 - __main__ - INFO - Train Epoch: 2 [76800/100000]	Loss: 0.1283 (0.1493) 	Acc: 75.00% (66.46%)
2022-03-19 18:45:00,592 - __main__ - INFO - Train Epoch: 2 [83200/100000]	Loss: 0.1761 (0.1484) 	Acc: 62.50% (66.69%)
2022-03-19 18:45:59,634 - __main__ - INFO - Train Epoch: 2 [89600/100000]	Loss: 0.1424 (0.1476) 	Acc: 68.75% (66.90%)
2022-03-19 18:46:58,613 - __main__ - INFO - Train Epoch: 2 [96000/100000]	Loss: 0.1227 (0.1469) 	Acc: 81.25% (67.13%)
2022-03-19 18:48:33,028 - __main__ - INFO - Train Epoch: 2
2022-03-19 18:48:33,029 - __main__ - INFO - skirt_length mAP: 44.5048
2022-03-19 18:48:33,029 - __main__ - INFO - sleeve_length mAP: 28.1742
2022-03-19 18:48:33,029 - __main__ - INFO - coat_length mAP: 32.4596
2022-03-19 18:48:33,029 - __main__ - INFO - pant_length mAP: 44.5549
2022-03-19 18:48:33,029 - __main__ - INFO - collar_design mAP: 35.5051
2022-03-19 18:48:33,029 - __main__ - INFO - lapel_design mAP: 27.4258
2022-03-19 18:48:33,029 - __main__ - INFO - neckline_design mAP: 21.3001
2022-03-19 18:48:33,029 - __main__ - INFO - neck_design mAP: 30.2945
2022-03-19 18:48:33,029 - __main__ - INFO - MeanAP: 32.2292

2022-03-19 18:48:35,501 - __main__ - INFO - lr:9.70225e-05
2022-03-19 18:48:36,775 - __main__ - INFO - Train Epoch: 3 [0/100000]	Loss: 0.1489 (0.1489) 	Acc: 56.25% (56.25%)
2022-03-19 18:49:36,172 - __main__ - INFO - Train Epoch: 3 [6400/100000]	Loss: 0.1203 (0.1341) 	Acc: 68.75% (70.51%)
2022-03-19 18:50:35,291 - __main__ - INFO - Train Epoch: 3 [12800/100000]	Loss: 0.1082 (0.1323) 	Acc: 87.50% (70.69%)
2022-03-19 18:51:34,439 - __main__ - INFO - Train Epoch: 3 [19200/100000]	Loss: 0.1070 (0.1323) 	Acc: 81.25% (70.50%)
2022-03-19 18:52:33,574 - __main__ - INFO - Train Epoch: 3 [25600/100000]	Loss: 0.1715 (0.1321) 	Acc: 50.00% (70.70%)
2022-03-19 18:53:32,660 - __main__ - INFO - Train Epoch: 3 [32000/100000]	Loss: 0.1586 (0.1320) 	Acc: 62.50% (70.83%)
2022-03-19 18:54:31,651 - __main__ - INFO - Train Epoch: 3 [38400/100000]	Loss: 0.1270 (0.1314) 	Acc: 68.75% (71.05%)
2022-03-19 18:55:30,728 - __main__ - INFO - Train Epoch: 3 [44800/100000]	Loss: 0.0813 (0.1312) 	Acc: 87.50% (71.06%)
2022-03-19 18:56:29,981 - __main__ - INFO - Train Epoch: 3 [51200/100000]	Loss: 0.0897 (0.1305) 	Acc: 87.50% (71.30%)
2022-03-19 18:57:29,041 - __main__ - INFO - Train Epoch: 3 [57600/100000]	Loss: 0.1109 (0.1301) 	Acc: 62.50% (71.37%)
2022-03-19 18:58:28,148 - __main__ - INFO - Train Epoch: 3 [64000/100000]	Loss: 0.1041 (0.1297) 	Acc: 87.50% (71.50%)
2022-03-19 18:59:27,289 - __main__ - INFO - Train Epoch: 3 [70400/100000]	Loss: 0.1168 (0.1291) 	Acc: 75.00% (71.60%)
2022-03-19 19:00:26,259 - __main__ - INFO - Train Epoch: 3 [76800/100000]	Loss: 0.1414 (0.1287) 	Acc: 62.50% (71.68%)
2022-03-19 19:01:25,398 - __main__ - INFO - Train Epoch: 3 [83200/100000]	Loss: 0.0937 (0.1280) 	Acc: 81.25% (71.83%)
2022-03-19 19:02:24,434 - __main__ - INFO - Train Epoch: 3 [89600/100000]	Loss: 0.1112 (0.1275) 	Acc: 68.75% (71.95%)
2022-03-19 19:03:25,155 - __main__ - INFO - Train Epoch: 3 [96000/100000]	Loss: 0.1036 (0.1269) 	Acc: 87.50% (72.11%)
2022-03-19 19:04:59,973 - __main__ - INFO - Train Epoch: 3
2022-03-19 19:04:59,973 - __main__ - INFO - skirt_length mAP: 48.2028
2022-03-19 19:04:59,974 - __main__ - INFO - sleeve_length mAP: 31.6263
2022-03-19 19:04:59,974 - __main__ - INFO - coat_length mAP: 34.9270
2022-03-19 19:04:59,974 - __main__ - INFO - pant_length mAP: 49.8535
2022-03-19 19:04:59,974 - __main__ - INFO - collar_design mAP: 40.7908
2022-03-19 19:04:59,974 - __main__ - INFO - lapel_design mAP: 30.2578
2022-03-19 19:04:59,974 - __main__ - INFO - neckline_design mAP: 26.4000
2022-03-19 19:04:59,974 - __main__ - INFO - neck_design mAP: 33.9045
2022-03-19 19:04:59,974 - __main__ - INFO - MeanAP: 36.2277

2022-03-19 19:05:01,319 - __main__ - INFO - lr:9.55671625e-05
2022-03-19 19:05:02,327 - __main__ - INFO - Train Epoch: 4 [0/100000]	Loss: 0.1636 (0.1636) 	Acc: 56.25% (56.25%)
2022-03-19 19:06:02,143 - __main__ - INFO - Train Epoch: 4 [6400/100000]	Loss: 0.1012 (0.1210) 	Acc: 81.25% (73.89%)
2022-03-19 19:07:03,755 - __main__ - INFO - Train Epoch: 4 [12800/100000]	Loss: 0.1483 (0.1185) 	Acc: 56.25% (74.23%)
2022-03-19 19:08:03,021 - __main__ - INFO - Train Epoch: 4 [19200/100000]	Loss: 0.1047 (0.1169) 	Acc: 75.00% (74.70%)
2022-03-19 19:09:02,058 - __main__ - INFO - Train Epoch: 4 [25600/100000]	Loss: 0.1302 (0.1162) 	Acc: 75.00% (74.82%)
2022-03-19 19:10:01,162 - __main__ - INFO - Train Epoch: 4 [32000/100000]	Loss: 0.1184 (0.1154) 	Acc: 75.00% (75.07%)
2022-03-19 19:11:00,208 - __main__ - INFO - Train Epoch: 4 [38400/100000]	Loss: 0.1207 (0.1152) 	Acc: 68.75% (75.12%)
2022-03-19 19:12:00,142 - __main__ - INFO - Train Epoch: 4 [44800/100000]	Loss: 0.0935 (0.1150) 	Acc: 81.25% (75.20%)
2022-03-19 19:12:59,761 - __main__ - INFO - Train Epoch: 4 [51200/100000]	Loss: 0.1245 (0.1147) 	Acc: 68.75% (75.26%)
2022-03-19 19:13:58,974 - __main__ - INFO - Train Epoch: 4 [57600/100000]	Loss: 0.0727 (0.1143) 	Acc: 87.50% (75.37%)
2022-03-19 19:14:59,220 - __main__ - INFO - Train Epoch: 4 [64000/100000]	Loss: 0.1161 (0.1139) 	Acc: 68.75% (75.48%)
2022-03-19 19:15:59,322 - __main__ - INFO - Train Epoch: 4 [70400/100000]	Loss: 0.0615 (0.1136) 	Acc: 75.00% (75.55%)
2022-03-19 19:16:58,927 - __main__ - INFO - Train Epoch: 4 [76800/100000]	Loss: 0.0889 (0.1130) 	Acc: 81.25% (75.69%)
2022-03-19 19:17:58,629 - __main__ - INFO - Train Epoch: 4 [83200/100000]	Loss: 0.0440 (0.1125) 	Acc: 93.75% (75.82%)
2022-03-19 19:18:58,375 - __main__ - INFO - Train Epoch: 4 [89600/100000]	Loss: 0.0989 (0.1122) 	Acc: 75.00% (75.85%)
2022-03-19 19:19:57,195 - __main__ - INFO - Train Epoch: 4 [96000/100000]	Loss: 0.1669 (0.1120) 	Acc: 68.75% (75.89%)
2022-03-19 19:21:27,943 - __main__ - INFO - Train Epoch: 4
2022-03-19 19:21:27,943 - __main__ - INFO - skirt_length mAP: 49.6916
2022-03-19 19:21:27,943 - __main__ - INFO - sleeve_length mAP: 34.6801
2022-03-19 19:21:27,944 - __main__ - INFO - coat_length mAP: 35.4116
2022-03-19 19:21:27,944 - __main__ - INFO - pant_length mAP: 51.6483
2022-03-19 19:21:27,944 - __main__ - INFO - collar_design mAP: 46.5567
2022-03-19 19:21:27,944 - __main__ - INFO - lapel_design mAP: 33.2464
2022-03-19 19:21:27,944 - __main__ - INFO - neckline_design mAP: 27.8895
2022-03-19 19:21:27,944 - __main__ - INFO - neck_design mAP: 40.3065
2022-03-19 19:21:27,944 - __main__ - INFO - MeanAP: 38.8062

2022-03-19 19:21:29,309 - __main__ - INFO - lr:9.41336550625e-05
2022-03-19 19:21:30,314 - __main__ - INFO - Train Epoch: 5 [0/100000]	Loss: 0.1202 (0.1202) 	Acc: 75.00% (75.00%)
2022-03-19 19:22:29,367 - __main__ - INFO - Train Epoch: 5 [6400/100000]	Loss: 0.1106 (0.1056) 	Acc: 68.75% (77.73%)
2022-03-19 19:23:28,337 - __main__ - INFO - Train Epoch: 5 [12800/100000]	Loss: 0.1561 (0.1054) 	Acc: 62.50% (77.68%)
2022-03-19 19:24:27,243 - __main__ - INFO - Train Epoch: 5 [19200/100000]	Loss: 0.0448 (0.1043) 	Acc: 100.00% (77.82%)
2022-03-19 19:25:26,086 - __main__ - INFO - Train Epoch: 5 [25600/100000]	Loss: 0.0839 (0.1043) 	Acc: 81.25% (77.68%)
2022-03-19 19:26:24,545 - __main__ - INFO - Train Epoch: 5 [32000/100000]	Loss: 0.0945 (0.1039) 	Acc: 81.25% (77.82%)
2022-03-19 19:27:22,989 - __main__ - INFO - Train Epoch: 5 [38400/100000]	Loss: 0.1123 (0.1040) 	Acc: 75.00% (77.84%)
2022-03-19 19:28:21,552 - __main__ - INFO - Train Epoch: 5 [44800/100000]	Loss: 0.1222 (0.1036) 	Acc: 75.00% (77.97%)
2022-03-19 19:29:20,463 - __main__ - INFO - Train Epoch: 5 [51200/100000]	Loss: 0.0531 (0.1032) 	Acc: 93.75% (78.02%)
2022-03-19 19:30:19,615 - __main__ - INFO - Train Epoch: 5 [57600/100000]	Loss: 0.0654 (0.1031) 	Acc: 81.25% (78.05%)
